2024-10-29T16:00:26.481+0000 I  CONTROL  [main] Automatically disabling TLS 1.0, to force-enable TLS 1.0 specify --sslDisabledProtocols 'none'
2024-10-29T16:00:26.484+0000 W  ASIO     [main] No TransportLayer configured during NetworkInterface startup
2024-10-29T16:00:26.485+0000 I  CONTROL  [initandlisten] MongoDB starting : pid=12114 port=27017 dbpath=/data/db 64-bit host=066ff632e7e8
2024-10-29T16:00:26.485+0000 I  CONTROL  [initandlisten] db version v4.2.25
2024-10-29T16:00:26.485+0000 I  CONTROL  [initandlisten] git version: 41b59c2bfb5121e66f18cc3ef40055a1b5fb6c2e
2024-10-29T16:00:26.485+0000 I  CONTROL  [initandlisten] OpenSSL version: OpenSSL 1.1.1  11 Sep 2018
2024-10-29T16:00:26.485+0000 I  CONTROL  [initandlisten] allocator: tcmalloc
2024-10-29T16:00:26.485+0000 I  CONTROL  [initandlisten] modules: none
2024-10-29T16:00:26.485+0000 I  CONTROL  [initandlisten] build environment:
2024-10-29T16:00:26.485+0000 I  CONTROL  [initandlisten]     distmod: ubuntu1804
2024-10-29T16:00:26.485+0000 I  CONTROL  [initandlisten]     distarch: x86_64
2024-10-29T16:00:26.485+0000 I  CONTROL  [initandlisten]     target_arch: x86_64
2024-10-29T16:00:26.485+0000 I  CONTROL  [initandlisten] 256 MB of memory available to the process out of 15714 MB total system memory
2024-10-29T16:00:26.485+0000 I  CONTROL  [initandlisten] options: { storage: { dbPath: "/data/db" } }
2024-10-29T16:00:26.485+0000 E  STORAGE  [initandlisten] Failed to set up listener: SocketException: Address already in use
2024-10-29T16:00:26.485+0000 I  REPL     [initandlisten] Stepping down the ReplicationCoordinator for shutdown, waitTime: 10000ms
2024-10-29T16:00:26.485+0000 I  SHARDING [initandlisten] Shutting down the WaitForMajorityService
2024-10-29T16:00:26.485+0000 I  NETWORK  [initandlisten] Shutting down the global connection pool
2024-10-29T16:00:26.485+0000 I  INDEX    [initandlisten] Shutting down the IndexBuildsCoordinator
2024-10-29T16:00:26.485+0000 I  NETWORK  [initandlisten] Shutting down the ReplicaSetMonitor
2024-10-29T16:00:26.485+0000 I  CONTROL  [initandlisten] Shutting down free monitoring
2024-10-29T16:00:26.485+0000 I  FTDC     [initandlisten] Shutting down full-time data capture
2024-10-29T16:00:26.485+0000 I  STORAGE  [initandlisten] Shutting down the HealthLog
2024-10-29T16:00:26.485+0000 I  -        [initandlisten] Dropping the scope cache for shutdown
2024-10-29T16:00:26.485+0000 I  CONTROL  [initandlisten] now exiting
2024-10-29T16:00:26.485+0000 I  CONTROL  [initandlisten] shutting down with code:48
